  main.cpp
  Mu.cpp
C:\Users\user\Documents\data-structure-lab-2026-4\Lec_04_Class_Example\Lec_04_Class_Example\Mu.cpp(25,21): error C2440: 'return': 'int'에서 'std::basic_string<char,std::char_traits<char>,std::allocator<char>>'(으)로 변환할 수 없습니다.
      C:\Users\user\Documents\data-structure-lab-2026-4\Lec_04_Class_Example\Lec_04_Class_Example\Mu.cpp(25,21):
      'std::basic_string<char,std::char_traits<char>,std::allocator<char>>::basic_string': 모든 인수 형식을 변환할 수 있는 오버로드된 함수가 없습니다.
          C:\Program Files\Microsoft Visual Studio\2022\Community\VC\Tools\MSVC\14.43.34808\include\xstring(744,5):
          'std::basic_string<char,std::char_traits<char>,std::allocator<char>>::basic_string(const _Elem *const )'일 수 있습니다.
          with
          [
              _Elem=char
          ]
              C:\Users\user\Documents\data-structure-lab-2026-4\Lec_04_Class_Example\Lec_04_Class_Example\Mu.cpp(25,21):
              'std::basic_string<char,std::char_traits<char>,std::allocator<char>>::basic_string(const _Elem *const )': 인수 1을(를) 'int'에서 'const _Elem *const '(으)로 변환할 수 없습니다.
          with
          [
              _Elem=char
          ]
                  C:\Users\user\Documents\data-structure-lab-2026-4\Lec_04_Class_Example\Lec_04_Class_Example\Mu.cpp(25,28):
                  정수 계열 형식에서 포인터 형식으로 변환하려면 reinterpret_cast, C 스타일 캐스트 또는 괄호가 있는 함수 스타일 캐스트가 필요합니다.
          C:\Program Files\Microsoft Visual Studio\2022\Community\VC\Tools\MSVC\14.43.34808\include\xstring(1316,5):
          또는       'std::basic_string<char,std::char_traits<char>,std::allocator<char>>::basic_string(std::initializer_list<_Elem>,const _Alloc &)'
          with
          [
              _Elem=char,
              _Alloc=std::allocator<char>
          ]
              C:\Users\user\Documents\data-structure-lab-2026-4\Lec_04_Class_Example\Lec_04_Class_Example\Mu.cpp(25,21):
              'std::basic_string<char,std::char_traits<char>,std::allocator<char>>::basic_string(std::initializer_list<_Elem>,const _Alloc &)': 인수 1을(를) 'int'에서 'std::initializer_list<_Elem>'(으)로 변환할 수 없습니다.
          with
          [
              _Elem=char,
              _Alloc=std::allocator<char>
          ]
          and
          [
              _Elem=char
          ]
                  C:\Users\user\Documents\data-structure-lab-2026-4\Lec_04_Class_Example\Lec_04_Class_Example\Mu.cpp(25,28):
                  변환하려면 둘째 사용자 정의 변환 연산자 또는 생성자가 있어야 합니다.
          C:\Program Files\Microsoft Visual Studio\2022\Community\VC\Tools\MSVC\14.43.34808\include\xstring(774,5):
          또는       'std::basic_string<char,std::char_traits<char>,std::allocator<char>>::basic_string(_Iter,_Iter,const _Alloc &)'
          with
          [
              _Alloc=std::allocator<char>
          ]
          C:\Users\user\Documents\data-structure-lab-2026-4\Lec_04_Class_Example\Lec_04_Class_Example\Mu.cpp(25,21):
          인수 목록 '(int)'을(를) 일치시키는 동안
  
C:\Users\user\Documents\data-structure-lab-2026-4\Lec_04_Class_Example\Lec_04_Class_Example\Mu.cpp(30,1): error C2059: 구문 오류: 'public'
C:\Users\user\Documents\data-structure-lab-2026-4\Lec_04_Class_Example\Lec_04_Class_Example\Mu.cpp(31,2): error C4430: 형식 지정자가 없습니다. int로 가정합니다. 참고: C++에서는 기본 int를 지원하지 않습니다.
C:\Users\user\Documents\data-structure-lab-2026-4\Lec_04_Class_Example\Lec_04_Class_Example\Mu.cpp(32,3): error C2355: 'this': 비정적 멤버 함수 또는 비정적 데이터 멤버 이니셜라이저 안에서만 참조할 수 있습니다.
C:\Users\user\Documents\data-structure-lab-2026-4\Lec_04_Class_Example\Lec_04_Class_Example\Mu.cpp(33,2): warning C4508: 'MusicStreamingService': 함수는 값을 반환해야 하므로 'void' 반환 형식으로 간주됩니다.
C:\Users\user\Documents\data-structure-lab-2026-4\Lec_04_Class_Example\Lec_04_Class_Example\Mu.cpp(37,3): error C2065: 'musicList': 선언되지 않은 식별자입니다.
C:\Users\user\Documents\data-structure-lab-2026-4\Lec_04_Class_Example\Lec_04_Class_Example\Mu.cpp(38,56): error C2065: 'serviceName': 선언되지 않은 식별자입니다.
  코드를 생성하고 있습니다...
