  main.cpp
C:\Users\user\Documents\data-structure-lab-2026-4\Lec04_Class Example\Lec04_Class Example\Music.h(8,13): error C2059: 구문 오류: ')'
  (소스 파일 'main.cpp'을(를) 컴파일하는 중)
  
C:\Users\user\Documents\data-structure-lab-2026-4\Lec04_Class Example\Lec04_Class Example\Music.h(8,14): error C2143: 구문 오류: ';'이(가) '{' 앞에 없습니다.
  (소스 파일 'main.cpp'을(를) 컴파일하는 중)
  
C:\Users\user\Documents\data-structure-lab-2026-4\Lec04_Class Example\Lec04_Class Example\Music.h(8,14): error C2447: '{': 함수 헤더가 없습니다. 이전 스타일의 형식 목록입니까?
  (소스 파일 'main.cpp'을(를) 컴파일하는 중)
  
C:\Users\user\Documents\data-structure-lab-2026-4\Lec04_Class Example\Lec04_Class Example\Music.h(46,23): error C2061: 구문 오류: 식별자 'sting'
  (소스 파일 'main.cpp'을(를) 컴파일하는 중)
  
C:\Users\user\Documents\data-structure-lab-2026-4\Lec04_Class Example\Lec04_Class Example\Music.h(55,15): error C2143: 구문 오류: ';'이(가) '*' 앞에 없습니다.
  (소스 파일 'main.cpp'을(를) 컴파일하는 중)
  
C:\Users\user\Documents\data-structure-lab-2026-4\Lec04_Class Example\Lec04_Class Example\Music.h(55,48): error C2334: '{' 앞에 예기치 않은 토큰이 있습니다. 명백한 함수 본문을 건너뜁니다.
  (소스 파일 'main.cpp'을(를) 컴파일하는 중)
  
C:\Users\user\Documents\data-structure-lab-2026-4\Lec04_Class Example\Lec04_Class Example\Music.h(36,44): error C2512: 'std::vector': 사용할 수 있는 적절한 기본 생성자가 없습니다.
  (소스 파일 'main.cpp'을(를) 컴파일하는 중)
      C:\Program Files\Microsoft Visual Studio\2022\Community\VC\Tools\MSVC\14.43.34808\include\vector(429,7):
      'std::vector' 선언을 참조하십시오.
  
C:\Users\user\Documents\data-structure-lab-2026-4\Lec04_Class Example\Lec04_Class Example\Music.h(41,9): error C2146: 구문 오류: ';'이(가) 'newMusic' 식별자 앞에 없습니다.
  (소스 파일 'main.cpp'을(를) 컴파일하는 중)
  
C:\Users\user\Documents\data-structure-lab-2026-4\Lec04_Class Example\Lec04_Class Example\Music.h(41,9): error C3861: 'newMusic': 식별자를 찾을 수 없습니다.
  (소스 파일 'main.cpp'을(를) 컴파일하는 중)
  
C:\Users\user\Documents\data-structure-lab-2026-4\Lec04_Class Example\Lec04_Class Example\Music.h(42,23): error C2065: 'newMusic': 선언되지 않은 식별자입니다.
  (소스 파일 'main.cpp'을(를) 컴파일하는 중)
  
C:\Users\user\Documents\data-structure-lab-2026-4\Lec04_Class Example\Lec04_Class Example\Music.h(48,19): error C2027: 정의되지 않은 형식 'Music'을(를) 사용했습니다.
  (소스 파일 'main.cpp'을(를) 컴파일하는 중)
      C:\Users\user\Documents\data-structure-lab-2026-4\Lec04_Class Example\Lec04_Class Example\Music.h(8,7):
      'Music' 선언을 참조하십시오.
  
C:\Users\user\Documents\data-structure-lab-2026-4\Lec04_Class Example\Lec04_Class Example\Music.h(48,35): error C2065: 'title': 선언되지 않은 식별자입니다.
  (소스 파일 'main.cpp'을(를) 컴파일하는 중)
  
C:\Users\user\Documents\data-structure-lab-2026-4\Lec04_Class Example\Lec04_Class Example\main.cpp(10,27): error C3867: 'Rectangle::getArea': 비표준 구문입니다. '&'를 사용하여 멤버 포인터를 만드세요.
      C:\Users\user\Documents\data-structure-lab-2026-4\Lec04_Class Example\Lec04_Class Example\main.cpp(10,27):
      템플릿 인스턴스화 컨텍스트(가장 오래된 인스턴스화 컨텍스트)가
          C:\Users\user\Documents\data-structure-lab-2026-4\Lec04_Class Example\Lec04_Class Example\main.cpp(10,7):
          컴파일되는 함수 템플릿 인스턴스화 'std::basic_ostream<_Elem,_Traits> &std::operator <<(std::basic_ostream<_Elem,_Traits> &,const std::error_code &)'에 대한 참조를 확인하세요.
  
C:\Users\user\Documents\data-structure-lab-2026-4\Lec04_Class Example\Lec04_Class Example\main.cpp(26,2): error C2065: 'MusicStreaminService': 선언되지 않은 식별자입니다.
C:\Users\user\Documents\data-structure-lab-2026-4\Lec04_Class Example\Lec04_Class Example\main.cpp(26,23): error C2146: 구문 오류: ';'이(가) 'myservice' 식별자 앞에 없습니다.
C:\Users\user\Documents\data-structure-lab-2026-4\Lec04_Class Example\Lec04_Class Example\main.cpp(26,23): error C3861: 'myservice': 식별자를 찾을 수 없습니다.
C:\Users\user\Documents\data-structure-lab-2026-4\Lec04_Class Example\Lec04_Class Example\main.cpp(28,2): error C2065: 'myService': 선언되지 않은 식별자입니다.
C:\Users\user\Documents\data-structure-lab-2026-4\Lec04_Class Example\Lec04_Class Example\main.cpp(29,2): error C2065: 'myService': 선언되지 않은 식별자입니다.
C:\Users\user\Documents\data-structure-lab-2026-4\Lec04_Class Example\Lec04_Class Example\main.cpp(30,2): error C2065: 'myService': 선언되지 않은 식별자입니다.
C:\Users\user\Documents\data-structure-lab-2026-4\Lec04_Class Example\Lec04_Class Example\main.cpp(31,3): error C2146: 구문 오류: ';'이(가) 'myService' 식별자 앞에 없습니다.
C:\Users\user\Documents\data-structure-lab-2026-4\Lec04_Class Example\Lec04_Class Example\main.cpp(31,3): error C2065: 'myService': 선언되지 않은 식별자입니다.
C:\Users\user\Documents\data-structure-lab-2026-4\Lec04_Class Example\Lec04_Class Example\main.cpp(31,57): error C2143: 구문 오류: ';'이(가) ':' 앞에 없습니다.
C:\Users\user\Documents\data-structure-lab-2026-4\Lec04_Class Example\Lec04_Class Example\main.cpp(31,57): error C2059: 구문 오류: ':'
C:\Users\user\Documents\data-structure-lab-2026-4\Lec04_Class Example\Lec04_Class Example\main.cpp(38,18): error C2065: 'myService': 선언되지 않은 식별자입니다.
C:\Users\user\Documents\data-structure-lab-2026-4\Lec04_Class Example\Lec04_Class Example\main.cpp(41,24): error C2027: 정의되지 않은 형식 'Music'을(를) 사용했습니다.
      C:\Users\user\Documents\data-structure-lab-2026-4\Lec04_Class Example\Lec04_Class Example\Music.h(8,7):
      'Music' 선언을 참조하십시오.
  
C:\Users\user\Documents\data-structure-lab-2026-4\Lec04_Class Example\Lec04_Class Example\main.cpp(41,54): error C2027: 정의되지 않은 형식 'Music'을(를) 사용했습니다.
      C:\Users\user\Documents\data-structure-lab-2026-4\Lec04_Class Example\Lec04_Class Example\Music.h(8,7):
      'Music' 선언을 참조하십시오.
  
C:\Users\user\Documents\data-structure-lab-2026-4\Lec04_Class Example\Lec04_Class Example\main.cpp(48,2): error C2146: 구문 오류: ';'이(가) 'cout' 식별자 앞에 없습니다.
C:\Users\user\Documents\data-structure-lab-2026-4\Lec04_Class Example\Lec04_Class Example\main.cpp(51,32): error C2065: 'myservice': 선언되지 않은 식별자입니다.
C:\Users\user\Documents\data-structure-lab-2026-4\Lec04_Class Example\Lec04_Class Example\main.cpp(52,6): error C2065: 'arsitsResult': 선언되지 않은 식별자입니다.
C:\Users\user\Documents\data-structure-lab-2026-4\Lec04_Class Example\Lec04_Class Example\main.cpp(55,26): error C2027: 정의되지 않은 형식 'Music'을(를) 사용했습니다.
      C:\Users\user\Documents\data-structure-lab-2026-4\Lec04_Class Example\Lec04_Class Example\Music.h(8,7):
      'Music' 선언을 참조하십시오.
  
